<?xml version="1.0" encoding="UTF-8"?>
<!-- Generated by org.testng.reporters.JUnitXMLReporter -->
<testsuite ignored="1" hostname="DESKTOP-HO3NPSQ" failures="0" tests="1" name="Default test" time="6.416" errors="0" timestamp="2021-05-31T20:51:48 IST">
  <testcase classname="extentreports.GoogleTest" name="googleTitleTest" time="0.219"/>
  <testcase classname="extentreports.GoogleTest" name="googleTest" time="0.0">
    <ignored/>
  </testcase> <!-- googleTest -->
</testsuite> <!-- Default test -->
