<?xml version="1.0" encoding="UTF-8"?>
<testng-results ignored="1" total="2" passed="1" failed="0" skipped="0">
  <reporter-output>
  </reporter-output>
  <suite started-at="2021-05-31T20:51:42 IST" name="Default suite" finished-at="2021-05-31T20:51:48 IST" duration-ms="6416">
    <groups>
    </groups>
    <test started-at="2021-05-31T20:51:42 IST" name="Default test" finished-at="2021-05-31T20:51:48 IST" duration-ms="6416">
      <class name="extentreports.GoogleTest">
        <test-method is-config="true" signature="startDriver()[pri:0, instance:extentreports.GoogleTest@3fa247d1]" started-at="2021-05-31T20:51:42 IST" name="startDriver" finished-at="2021-05-31T20:51:47 IST" duration-ms="5417" status="PASS">
          <reporter-output>
          </reporter-output>
        </test-method> <!-- startDriver -->
        <test-method signature="googleTitleTest(java.lang.reflect.Method)[pri:0, instance:extentreports.GoogleTest@3fa247d1]" started-at="2021-05-31T20:51:47 IST" name="googleTitleTest" finished-at="2021-05-31T20:51:48 IST" duration-ms="219" status="PASS">
          <params>
            <param index="0">
              <value>
                <![CDATA[public void extentreports.GoogleTest.googleTitleTest(java.lang.reflect.Method) throws java.io.IOException]]>
              </value>
            </param>
          </params>
          <reporter-output>
          </reporter-output>
        </test-method> <!-- googleTitleTest -->
        <test-method is-config="true" signature="closeDriver()[pri:0, instance:extentreports.GoogleTest@3fa247d1]" started-at="2021-05-31T20:51:48 IST" name="closeDriver" finished-at="2021-05-31T20:51:48 IST" duration-ms="729" status="PASS">
          <reporter-output>
          </reporter-output>
        </test-method> <!-- closeDriver -->
      </class> <!-- extentreports.GoogleTest -->
    </test> <!-- Default test -->
  </suite> <!-- Default suite -->
</testng-results>
